<?xml version="1.0" encoding="UTF-8"?>
<!-- Generated by org.testng.reporters.JUnitReportReporter -->
<testsuite hostname="OJAS-PC" name="jenkinsDemo.BuyTicket" tests="1" failures="0" timestamp="17 May 2017 14:19:06 GMT" time="9.957" errors="0">
  <testcase name="ticketpurchase" time="9.957" classname="jenkinsDemo.BuyTicket"/>
</testsuite> <!-- jenkinsDemo.BuyTicket -->
