<?xml version="1.0" encoding="UTF-8"?>
<!-- Generated by org.testng.reporters.JUnitReportReporter -->
<testsuite hostname="OJAS-PC" name="jenkinsDemo.BuyTicket" tests="1" failures="0" timestamp="17 May 2017 14:41:46 GMT" time="11.286" errors="0">
  <testcase name="ticketpurchase" time="11.286" classname="jenkinsDemo.BuyTicket"/>
</testsuite> <!-- jenkinsDemo.BuyTicket -->
